D:\tao\C++\GPSServer\GPSServer\Release\cl.command.1.tlog
D:\tao\C++\GPSServer\GPSServer\Release\CL.read.1.tlog
D:\tao\C++\GPSServer\GPSServer\Release\CL.write.1.tlog
D:\TAO\C++\GPSSERVER\GPSSERVER\RELEASE\GPSSERVER.EXE.INTERMEDIATE.MANIFEST
D:\TAO\C++\GPSSERVER\GPSSERVER\RELEASE\GPSSERVER.OBJ
D:\TAO\C++\GPSSERVER\GPSSERVER\RELEASE\GPSSERVER.PCH
D:\TAO\C++\GPSSERVER\GPSSERVER\RELEASE\GPSSERVER.RES
D:\tao\C++\GPSServer\GPSServer\Release\GPSServer.vcxprojResolveAssemblyReference.cache
D:\tao\C++\GPSServer\GPSServer\Release\GPSServer.write.1.tlog
D:\TAO\C++\GPSSERVER\GPSSERVER\RELEASE\GPSSERVERDLG.OBJ
D:\tao\C++\GPSServer\GPSServer\Release\link.command.1.tlog
D:\tao\C++\GPSServer\GPSServer\Release\link.read.1.tlog
D:\tao\C++\GPSServer\GPSServer\Release\link.write.1.tlog
D:\tao\C++\GPSServer\GPSServer\Release\link-cvtres.read.1.tlog
D:\tao\C++\GPSServer\GPSServer\Release\link-cvtres.write.1.tlog
D:\tao\C++\GPSServer\GPSServer\Release\mt.command.1.tlog
D:\tao\C++\GPSServer\GPSServer\Release\mt.read.1.tlog
D:\tao\C++\GPSServer\GPSServer\Release\mt.write.1.tlog
D:\tao\C++\GPSServer\GPSServer\Release\rc.command.1.tlog
D:\tao\C++\GPSServer\GPSServer\Release\rc.read.1.tlog
D:\tao\C++\GPSServer\GPSServer\Release\rc.write.1.tlog
D:\TAO\C++\GPSSERVER\GPSSERVER\RELEASE\STDAFX.OBJ
D:\TAO\C++\GPSSERVER\GPSSERVER\RELEASE\VC100.PDB
D:\TAO\C++\GPSSERVER\GPSSERVER\RELEASE\WEBBROWSER2.OBJ
D:\TAO\C++\GPSSERVER\GPSSERVER\RELEASE\WEBPAGE.OBJ
D:\TAO\C++\GPSSERVER\RELEASE\GPSSERVER.EXE
D:\TAO\C++\GPSSERVER\RELEASE\GPSSERVER.PDB
